[21:41:47] [Test worker/WARN]: Unknown dialogue action 'banana' Ś treating as close
[21:41:47] [Test worker/WARN]: Unknown dialogue action '' Ś treating as close
[21:41:47] [Test worker/WARN]: Dialogue JSON craftics:dialogue/x missing 'id' Ś skipping
[21:41:47] [Test worker/WARN]: Dialogue JSON craftics:dialogue/x has no 'lines' Ś skipping
[21:41:47] [Test worker/WARN]: Dialogue JSON craftics:dialogue/x missing 'speaker' Ś skipping
[21:41:47] [Test worker/WARN]: Dialogue craftics:dialogue/x has a choice missing label/action Ś skipping that choice
[21:41:47] [Test worker/WARN]: Campaign branch in region 'world' has overlapping/interleaving segments (segmentA at [1,2], segmentB at [2,3]); falling back to linear order
[21:41:47] [Test worker/WARN]: Campaign branch in region 'surface' has segment(s) that are not a contiguous sublist (segmentA=[wildwood] found=true, segmentB=[NOTHERE] found=false); falling back to linear order
[21:41:47] [Test worker/WARN]: Campaign branch in region 'world' has segment(s) that are not a contiguous sublist (segmentA=[w1, w2, w3] found=true, segmentB=[c1, MISSING] found=false); falling back to linear order
[21:41:47] [Test worker/WARN]: Campaign branch in region 'world' has segment(s) that are not a contiguous sublist (segmentA=[w1, w3] found=false, segmentB=[c1, c2] found=true); falling back to linear order
[21:41:47] [Test worker/WARN]: Campaign branch references unknown region 'noregion'; falling back to linear order
[21:41:47] [Test worker/WARN]: Campaign craftics:campaigns/x branch 'swap' has an empty segment Ś ignoring branch (linear)
[21:41:47] [Test worker/WARN]: Campaign craftics:campaigns/x branch 'swap' must be either two strings or two arrays of strings Ś ignoring branch (linear)
[21:41:47] [Test worker/WARN]: Campaign JSON craftics:campaigns/x has empty 'regions' Ś skipping
[21:41:47] [Test worker/WARN]: Campaign JSON craftics:campaigns/x missing non-blank 'id' Ś skipping
[21:41:47] [Test worker/WARN]: Campaign JSON craftics:campaigns/x missing non-blank 'id' Ś skipping
[21:41:47] [Test worker/WARN]: Campaign craftics:campaigns/x branch missing 'swap' array Ś ignoring branch (linear)
[21:41:47] [Test worker/WARN]: Campaign JSON craftics:campaigns/x missing non-blank 'id' Ś skipping
[21:41:47] [Test worker/WARN]: Campaign craftics:campaigns/x region 'surface' has malformed 'map_color' "ZZZ" Ś defaulting to white
[21:41:47] [Test worker/WARN]: Campaign craftics:campaigns/x branch missing non-blank 'region' Ś ignoring branch (linear)
[21:41:47] [Test worker/WARN]: Campaign craftics:campaigns/x branch 'swap' must have exactly 2 entries (had 1) Ś ignoring branch (linear)
[21:41:47] [Test worker/WARN]: Campaign craftics:campaigns/x region 'surface' missing 'nodes' array Ś skipping campaign
[21:41:47] [Test worker/WARN]: Campaign craftics:campaigns/x region 'surface' has a node missing non-blank 'biome' Ś skipping campaign
[21:41:47] [Test worker/WARN]: Campaign craftics:campaigns/x branch 'swap' segment has a non-string entry Ś ignoring branch (linear)
[21:41:47] [Test worker/WARN]: Campaign JSON craftics:campaigns/x missing 'regions' array Ś skipping
[21:41:47] [Test worker/WARN]: Campaign craftics:campaigns/x region 'surface' has empty 'nodes' Ś skipping campaign
[21:41:47] [Test worker/WARN]: Campaign JSON craftics:campaigns/x missing 'regions' array Ś skipping
[21:41:47] [Test worker/WARN]: Campaign branch in region 'surface' has segment(s) that are not a contiguous sublist (segmentA=[wildwood] found=true, segmentB=[marsh] found=false); falling back to linear order
